*ERROR* 	v1.7.7.0	2021/04/06 - 04:44:28: Table &#039;yanka.ps_shop_url&#039; doesn&#039;t exist in engine&lt;br /&gt;&lt;br /&gt;&lt;pre&gt;SELECT s.id_shop, CONCAT(su.physical_uri, su.virtual_uri) AS uri, su.domain, su.main
                    FROM ps_shop_url su
                    LEFT JOIN ps_shop s ON (s.id_shop = su.id_shop)
                    WHERE (su.domain = &#039;localhost&#039; OR su.domain_ssl = &#039;localhost&#039;)
                        AND s.active = 1
                        AND s.deleted = 0
                    ORDER BY LENGTH(CONCAT(su.physical_uri, su.virtual_uri)) DESC&lt;/pre&gt; at line 769 in file classes/db/Db.php
*ERROR* 	v1.7.7.0	2021/04/06 - 04:44:52: Table &#039;yanka.ps_shop_url&#039; doesn&#039;t exist in engine&lt;br /&gt;&lt;br /&gt;&lt;pre&gt;SELECT s.id_shop, CONCAT(su.physical_uri, su.virtual_uri) AS uri, su.domain, su.main
                    FROM ps_shop_url su
                    LEFT JOIN ps_shop s ON (s.id_shop = su.id_shop)
                    WHERE (su.domain = &#039;localhost&#039; OR su.domain_ssl = &#039;localhost&#039;)
                        AND s.active = 1
                        AND s.deleted = 0
                    ORDER BY LENGTH(CONCAT(su.physical_uri, su.virtual_uri)) DESC&lt;/pre&gt; at line 769 in file classes/db/Db.php
*ERROR* 	v1.7.7.0	2021/04/06 - 04:44:54: Table &#039;yanka.ps_shop_url&#039; doesn&#039;t exist in engine&lt;br /&gt;&lt;br /&gt;&lt;pre&gt;SELECT s.id_shop, CONCAT(su.physical_uri, su.virtual_uri) AS uri, su.domain, su.main
                    FROM ps_shop_url su
                    LEFT JOIN ps_shop s ON (s.id_shop = su.id_shop)
                    WHERE (su.domain = &#039;localhost&#039; OR su.domain_ssl = &#039;localhost&#039;)
                        AND s.active = 1
                        AND s.deleted = 0
                    ORDER BY LENGTH(CONCAT(su.physical_uri, su.virtual_uri)) DESC&lt;/pre&gt; at line 769 in file classes/db/Db.php
*ERROR* 	v1.7.7.0	2021/04/06 - 04:45:06: Table &#039;yanka.ps_shop_url&#039; doesn&#039;t exist in engine&lt;br /&gt;&lt;br /&gt;&lt;pre&gt;SELECT s.id_shop, CONCAT(su.physical_uri, su.virtual_uri) AS uri, su.domain, su.main
                    FROM ps_shop_url su
                    LEFT JOIN ps_shop s ON (s.id_shop = su.id_shop)
                    WHERE (su.domain = &#039;localhost&#039; OR su.domain_ssl = &#039;localhost&#039;)
                        AND s.active = 1
                        AND s.deleted = 0
                    ORDER BY LENGTH(CONCAT(su.physical_uri, su.virtual_uri)) DESC&lt;/pre&gt; at line 769 in file classes/db/Db.php
*ERROR* 	v1.7.7.0	2021/04/06 - 04:48:21: Table &#039;yanka.ps_shop_url&#039; doesn&#039;t exist in engine&lt;br /&gt;&lt;br /&gt;&lt;pre&gt;SELECT s.id_shop, CONCAT(su.physical_uri, su.virtual_uri) AS uri, su.domain, su.main
                    FROM ps_shop_url su
                    LEFT JOIN ps_shop s ON (s.id_shop = su.id_shop)
                    WHERE (su.domain = &#039;localhost&#039; OR su.domain_ssl = &#039;localhost&#039;)
                        AND s.active = 1
                        AND s.deleted = 0
                    ORDER BY LENGTH(CONCAT(su.physical_uri, su.virtual_uri)) DESC&lt;/pre&gt; at line 769 in file classes/db/Db.php
*ERROR* 	v1.7.7.0	2021/04/06 - 04:48:23: Table &#039;yanka.ps_shop_url&#039; doesn&#039;t exist in engine&lt;br /&gt;&lt;br /&gt;&lt;pre&gt;SELECT s.id_shop, CONCAT(su.physical_uri, su.virtual_uri) AS uri, su.domain, su.main
                    FROM ps_shop_url su
                    LEFT JOIN ps_shop s ON (s.id_shop = su.id_shop)
                    WHERE (su.domain = &#039;localhost&#039; OR su.domain_ssl = &#039;localhost&#039;)
                        AND s.active = 1
                        AND s.deleted = 0
                    ORDER BY LENGTH(CONCAT(su.physical_uri, su.virtual_uri)) DESC&lt;/pre&gt; at line 769 in file classes/db/Db.php
