[2020-06-09 11:18:07] app.INFO: Protect vendor folder in module contactform [] []
[2020-06-09 11:18:07] app.INFO: Module contactform has no vendor folder [] []
[2020-06-09 11:18:08] app.INFO: Protect vendor folder in module dashactivity [] []
[2020-06-09 11:18:08] app.INFO: Module dashactivity has no vendor folder [] []
[2020-06-09 11:18:08] app.INFO: Protect vendor folder in module dashtrends [] []
[2020-06-09 11:18:08] app.INFO: Module dashtrends has no vendor folder [] []
[2020-06-09 11:18:08] app.INFO: Protect vendor folder in module dashgoals [] []
[2020-06-09 11:18:08] app.INFO: Module dashgoals has no vendor folder [] []
[2020-06-09 11:18:08] app.INFO: Protect vendor folder in module dashproducts [] []
[2020-06-09 11:18:08] app.INFO: Module dashproducts has no vendor folder [] []
[2020-06-09 11:18:08] app.INFO: Protect vendor folder in module graphnvd3 [] []
[2020-06-09 11:18:08] app.INFO: Module graphnvd3 has no vendor folder [] []
[2020-06-09 11:18:08] app.INFO: Protect vendor folder in module gridhtml [] []
[2020-06-09 11:18:08] app.INFO: Module gridhtml has no vendor folder [] []
[2020-06-09 11:18:08] app.INFO: Protect vendor folder in module gsitemap [] []
[2020-06-09 11:18:08] app.INFO: Module gsitemap has no vendor folder [] []
[2020-06-09 11:18:08] app.INFO: Protect vendor folder in module ps_banner [] []
[2020-06-09 11:18:08] app.INFO: Module ps_banner has no vendor folder [] []
[2020-06-09 11:18:08] app.INFO: Protect vendor folder in module ps_categorytree [] []
[2020-06-09 11:18:08] app.INFO: Module ps_categorytree has no vendor folder [] []
[2020-06-09 11:18:08] app.INFO: Protect vendor folder in module ps_checkpayment [] []
[2020-06-09 11:18:08] app.INFO: Module ps_checkpayment has no vendor folder [] []
[2020-06-09 11:18:08] app.INFO: Protect vendor folder in module ps_contactinfo [] []
[2020-06-09 11:18:08] app.INFO: Module ps_contactinfo has no vendor folder [] []
[2020-06-09 11:18:08] app.INFO: Protect vendor folder in module ps_currencyselector [] []
[2020-06-09 11:18:08] app.INFO: Module ps_currencyselector has no vendor folder [] []
[2020-06-09 11:18:08] app.INFO: Protect vendor folder in module ps_customeraccountlinks [] []
[2020-06-09 11:18:08] app.INFO: Module ps_customeraccountlinks has no vendor folder [] []
[2020-06-09 11:18:08] app.INFO: Protect vendor folder in module ps_customersignin [] []
[2020-06-09 11:18:08] app.INFO: Module ps_customersignin has no vendor folder [] []
[2020-06-09 11:18:08] app.INFO: Protect vendor folder in module ps_customtext [] []
[2020-06-09 11:18:08] app.INFO: Module ps_customtext has no vendor folder [] []
[2020-06-09 11:18:09] app.INFO: Protect vendor folder in module ps_emailsubscription [] []
[2020-06-09 11:18:09] app.INFO: Module ps_emailsubscription has no vendor folder [] []
[2020-06-09 11:18:09] app.INFO: Protect vendor folder in module ps_facetedsearch [] []
[2020-06-09 11:18:09] app.INFO: Module ps_facetedsearch has no vendor folder [] []
[2020-06-09 11:18:09] app.INFO: Protect vendor folder in module ps_faviconnotificationbo [] []
[2020-06-09 11:18:09] app.INFO: Module ps_faviconnotificationbo has no vendor folder [] []
[2020-06-09 11:18:09] app.INFO: Protect vendor folder in module ps_featuredproducts [] []
[2020-06-09 11:18:09] app.INFO: Module ps_featuredproducts has no vendor folder [] []
[2020-06-09 11:18:09] app.INFO: Protect vendor folder in module ps_imageslider [] []
[2020-06-09 11:18:09] app.INFO: Module ps_imageslider has no vendor folder [] []
[2020-06-09 11:18:10] app.INFO: Protect vendor folder in module ps_languageselector [] []
[2020-06-09 11:18:10] app.INFO: Module ps_languageselector has no vendor folder [] []
[2020-06-09 11:18:10] app.INFO: Protect vendor folder in module ps_linklist [] []
[2020-06-09 11:18:10] app.INFO: Module ps_linklist has no vendor folder [] []
[2020-06-09 11:18:10] app.ERROR: Class "AdminLinkWidgetController" not found in controllers/admin [] []
[2020-06-09 11:18:10] app.INFO: Protect vendor folder in module ps_mainmenu [] []
[2020-06-09 11:18:10] app.INFO: Module ps_mainmenu has no vendor folder [] []
[2020-06-09 11:18:10] app.INFO: Protect vendor folder in module ps_searchbar [] []
[2020-06-09 11:18:10] app.INFO: Module ps_searchbar has no vendor folder [] []
[2020-06-09 11:18:10] app.INFO: Protect vendor folder in module ps_sharebuttons [] []
[2020-06-09 11:18:10] app.INFO: Module ps_sharebuttons has no vendor folder [] []
[2020-06-09 11:18:10] app.INFO: Protect vendor folder in module ps_shoppingcart [] []
[2020-06-09 11:18:10] app.INFO: Module ps_shoppingcart has no vendor folder [] []
[2020-06-09 11:18:10] app.INFO: Protect vendor folder in module ps_socialfollow [] []
[2020-06-09 11:18:10] app.INFO: Module ps_socialfollow has no vendor folder [] []
[2020-06-09 11:18:10] app.INFO: Protect vendor folder in module ps_themecusto [] []
[2020-06-09 11:18:10] app.INFO: Module ps_themecusto has no vendor folder [] []
[2020-06-09 11:18:10] app.INFO: Protect vendor folder in module ps_wirepayment [] []
[2020-06-09 11:18:10] app.INFO: Module ps_wirepayment has no vendor folder [] []
[2020-06-09 11:18:10] app.INFO: Protect vendor folder in module pagesnotfound [] []
[2020-06-09 11:18:10] app.INFO: Module pagesnotfound has no vendor folder [] []
[2020-06-09 11:18:10] app.INFO: Protect vendor folder in module sekeywords [] []
[2020-06-09 11:18:10] app.INFO: Module sekeywords has no vendor folder [] []
[2020-06-09 11:18:10] app.INFO: Protect vendor folder in module statsbestcategories [] []
[2020-06-09 11:18:10] app.INFO: Module statsbestcategories has no vendor folder [] []
[2020-06-09 11:18:10] app.INFO: Protect vendor folder in module statsbestcustomers [] []
[2020-06-09 11:18:10] app.INFO: Module statsbestcustomers has no vendor folder [] []
[2020-06-09 11:18:10] app.INFO: Protect vendor folder in module statsbestproducts [] []
[2020-06-09 11:18:10] app.INFO: Module statsbestproducts has no vendor folder [] []
[2020-06-09 11:18:10] app.INFO: Protect vendor folder in module statsbestsuppliers [] []
[2020-06-09 11:18:10] app.INFO: Module statsbestsuppliers has no vendor folder [] []
[2020-06-09 11:18:10] app.INFO: Protect vendor folder in module statsbestvouchers [] []
[2020-06-09 11:18:10] app.INFO: Module statsbestvouchers has no vendor folder [] []
[2020-06-09 11:18:10] app.INFO: Protect vendor folder in module statscarrier [] []
[2020-06-09 11:18:10] app.INFO: Module statscarrier has no vendor folder [] []
[2020-06-09 11:18:11] app.INFO: Protect vendor folder in module statscatalog [] []
[2020-06-09 11:18:11] app.INFO: Module statscatalog has no vendor folder [] []
[2020-06-09 11:18:11] app.INFO: Protect vendor folder in module statscheckup [] []
[2020-06-09 11:18:11] app.INFO: Module statscheckup has no vendor folder [] []
[2020-06-09 11:18:11] app.INFO: Protect vendor folder in module statsdata [] []
[2020-06-09 11:18:11] app.INFO: Module statsdata has no vendor folder [] []
[2020-06-09 11:18:11] app.INFO: Protect vendor folder in module statsequipment [] []
[2020-06-09 11:18:11] app.INFO: Module statsequipment has no vendor folder [] []
[2020-06-09 11:18:11] app.INFO: Protect vendor folder in module statsforecast [] []
[2020-06-09 11:18:11] app.INFO: Module statsforecast has no vendor folder [] []
[2020-06-09 11:18:11] app.INFO: Protect vendor folder in module statslive [] []
[2020-06-09 11:18:11] app.INFO: Module statslive has no vendor folder [] []
[2020-06-09 11:18:11] app.INFO: Protect vendor folder in module statsnewsletter [] []
[2020-06-09 11:18:11] app.INFO: Module statsnewsletter has no vendor folder [] []
[2020-06-09 11:18:11] app.INFO: Protect vendor folder in module statsorigin [] []
[2020-06-09 11:18:11] app.INFO: Module statsorigin has no vendor folder [] []
[2020-06-09 11:18:11] app.INFO: Protect vendor folder in module statspersonalinfos [] []
[2020-06-09 11:18:11] app.INFO: Module statspersonalinfos has no vendor folder [] []
[2020-06-09 11:18:11] app.INFO: Protect vendor folder in module statsproduct [] []
[2020-06-09 11:18:11] app.INFO: Module statsproduct has no vendor folder [] []
[2020-06-09 11:18:11] app.INFO: Protect vendor folder in module statsregistrations [] []
[2020-06-09 11:18:11] app.INFO: Module statsregistrations has no vendor folder [] []
[2020-06-09 11:18:11] app.INFO: Protect vendor folder in module statssales [] []
[2020-06-09 11:18:11] app.INFO: Module statssales has no vendor folder [] []
[2020-06-09 11:18:11] app.INFO: Protect vendor folder in module statssearch [] []
[2020-06-09 11:18:11] app.INFO: Module statssearch has no vendor folder [] []
[2020-06-09 11:18:11] app.INFO: Protect vendor folder in module statsstock [] []
[2020-06-09 11:18:11] app.INFO: Module statsstock has no vendor folder [] []
[2020-06-09 11:18:11] app.INFO: Protect vendor folder in module statsvisits [] []
[2020-06-09 11:18:11] app.INFO: Module statsvisits has no vendor folder [] []
[2020-06-09 11:18:11] app.INFO: Protect vendor folder in module welcome [] []
[2020-06-09 11:18:14] app.INFO: Exporting mail with theme modern for language English (English) [] []
[2020-06-09 11:18:14] app.INFO: Core output folder: /Applications/MAMP/htdocs/prestashop17/test/godzilla/mails [] []
[2020-06-09 11:18:14] app.INFO: Modules output folder: /Applications/MAMP/htdocs/prestashop17/test/godzilla/modules/ [] []
[2020-06-09 11:18:15] app.INFO: Exporting mail with theme modern for language tiếng Việt (Vietnamese) [] []
[2020-06-09 11:18:15] app.INFO: Core output folder: /Applications/MAMP/htdocs/prestashop17/test/godzilla/mails [] []
[2020-06-09 11:18:15] app.INFO: Modules output folder: /Applications/MAMP/htdocs/prestashop17/test/godzilla/modules/ [] []
[2020-06-09 11:20:39] app.ERROR: Data from PrestaShop Addons is invalid, and cannot fallback on cache.  {"exception":"cURL error 28: Resolving timed out after 5518 milliseconds"} []
[2020-06-09 11:20:40] app.INFO: Protect vendor folder in module ps_facetedsearch [] []
[2020-06-09 11:20:40] app.INFO: Module ps_facetedsearch has no vendor folder [] []
[2020-06-09 11:52:02] request.INFO: Matched route "admin_module_manage". {"route":"admin_module_manage","route_parameters":{"category":null,"keyword":null,"_controller":"PrestaShopBundle\\Controller\\Admin\\Improve\\ModuleController::manageAction","_legacy_controller":"AdminModulesManage","_legacy_link":["AdminModulesManage","AdminModulesSf"],"_route":"admin_module_manage"},"request_uri":"http://localhost/prestashop17/test/godzilla/admin141dyjvta/index.php/improve/modules/manage?_token=PKpBXnxemFdEYxyAip8ry0Yo7NHIQgk8lIxH1uRhxvc","method":"GET"} []
[2020-06-09 11:52:02] security.DEBUG: Read existing security token from the session. {"key":"_security_main","token_class":"Symfony\\Component\\Security\\Core\\Authentication\\Token\\UsernamePasswordToken"} []
[2020-06-09 11:52:02] security.DEBUG: Cannot refresh token because user has changed. {"username":"admin@admin.com","provider":"PrestaShopBundle\\Security\\Admin\\EmployeeProvider"} []
[2020-06-09 11:52:02] security.DEBUG: Token was deauthenticated after trying to refresh it. [] []
[2020-06-09 11:52:02] security.INFO: Populated the TokenStorage with an anonymous Token. [] []
[2020-06-09 11:52:09] app.ERROR: Data from PrestaShop Addons is invalid, and cannot fallback on cache.  {"exception":"cURL error 28: Resolving timed out after 5516 milliseconds"} []
[2020-06-09 11:52:12] security.DEBUG: Stored the security token in the session. {"key":"_security_main"} []
[2020-06-09 13:42:16] request.INFO: Matched route "admin_module_manage_action". {"route":"admin_module_manage_action","route_parameters":{"_controller":"PrestaShopBundle\\Controller\\Admin\\Improve\\ModuleController::moduleAction","action":"install","module_name":"gdz_blog","_route":"admin_module_manage_action"},"request_uri":"http://localhost/prestashop17/test/godzilla/admin141dyjvta/index.php/improve/modules/manage/action/install/gdz_blog?_token=PKpBXnxemFdEYxyAip8ry0Yo7NHIQgk8lIxH1uRhxvc","method":"POST"} []
[2020-06-09 13:42:16] security.DEBUG: Read existing security token from the session. {"key":"_security_main","token_class":"Symfony\\Component\\Security\\Core\\Authentication\\Token\\UsernamePasswordToken"} []
[2020-06-09 13:42:16] security.DEBUG: User was reloaded from a user provider. {"provider":"PrestaShopBundle\\Security\\Admin\\EmployeeProvider","username":"admin@admin.com"} []
[2020-06-09 13:42:19] request.CRITICAL: Uncaught PHP Exception Symfony\Component\Debug\Exception\ClassNotFoundException: "Attempted to load class "gdz_blogHelper" from the global namespace. Did you forget a "use" statement?" at /Applications/MAMP/htdocs/prestashop17/test/godzilla/modules/gdz_blog/install/install.php line 114 {"exception":"[object] (Symfony\\Component\\Debug\\Exception\\ClassNotFoundException(code: 0): Attempted to load class \"gdz_blogHelper\" from the global namespace.\nDid you forget a \"use\" statement? at /Applications/MAMP/htdocs/prestashop17/test/godzilla/modules/gdz_blog/install/install.php:114)"} []
[2020-06-09 13:42:19] security.DEBUG: Stored the security token in the session. {"key":"_security_main"} []
[2020-06-09 13:44:19] request.INFO: Matched route "admin_module_import". {"route":"admin_module_import","route_parameters":{"module_name":null,"_controller":"PrestaShopBundle\\Controller\\Admin\\Improve\\ModuleController::importModuleAction","_route":"admin_module_import"},"request_uri":"http://localhost/prestashop17/test/godzilla/admin141dyjvta/index.php/improve/modules/import?_token=PKpBXnxemFdEYxyAip8ry0Yo7NHIQgk8lIxH1uRhxvc","method":"POST"} []
[2020-06-09 13:44:19] security.DEBUG: Read existing security token from the session. {"key":"_security_main","token_class":"Symfony\\Component\\Security\\Core\\Authentication\\Token\\UsernamePasswordToken"} []
[2020-06-09 13:44:19] security.DEBUG: User was reloaded from a user provider. {"provider":"PrestaShopBundle\\Security\\Admin\\EmployeeProvider","username":"admin@admin.com"} []
[2020-06-09 13:44:27] request.CRITICAL: Uncaught PHP Exception Symfony\Component\Debug\Exception\ClassNotFoundException: "Attempted to load class "gdz_blogHelper" from the global namespace. Did you forget a "use" statement?" at /Applications/MAMP/htdocs/prestashop17/test/godzilla/modules/gdz_blog/install/install.php line 114 {"exception":"[object] (Symfony\\Component\\Debug\\Exception\\ClassNotFoundException(code: 0): Attempted to load class \"gdz_blogHelper\" from the global namespace.\nDid you forget a \"use\" statement? at /Applications/MAMP/htdocs/prestashop17/test/godzilla/modules/gdz_blog/install/install.php:114)"} []
[2020-06-09 13:44:27] security.DEBUG: Stored the security token in the session. {"key":"_security_main"} []
[2020-06-09 13:50:50] request.INFO: Matched route "admin_module_manage_action". {"route":"admin_module_manage_action","route_parameters":{"_controller":"PrestaShopBundle\\Controller\\Admin\\Improve\\ModuleController::moduleAction","action":"install","module_name":"gdz_blog","_route":"admin_module_manage_action"},"request_uri":"http://localhost/prestashop17/test/godzilla/admin141dyjvta/index.php/improve/modules/manage/action/install/gdz_blog?_token=PKpBXnxemFdEYxyAip8ry0Yo7NHIQgk8lIxH1uRhxvc","method":"POST"} []
[2020-06-09 13:50:50] security.DEBUG: Read existing security token from the session. {"key":"_security_main","token_class":"Symfony\\Component\\Security\\Core\\Authentication\\Token\\UsernamePasswordToken"} []
[2020-06-09 13:50:50] security.DEBUG: User was reloaded from a user provider. {"provider":"PrestaShopBundle\\Security\\Admin\\EmployeeProvider","username":"admin@admin.com"} []
[2020-06-09 13:50:52] request.CRITICAL: Uncaught PHP Exception Symfony\Component\Debug\Exception\ClassNotFoundException: "Attempted to load class "gdz_blogHelper" from the global namespace. Did you forget a "use" statement?" at /Applications/MAMP/htdocs/prestashop17/test/godzilla/modules/gdz_blog/install/install.php line 114 {"exception":"[object] (Symfony\\Component\\Debug\\Exception\\ClassNotFoundException(code: 0): Attempted to load class \"gdz_blogHelper\" from the global namespace.\nDid you forget a \"use\" statement? at /Applications/MAMP/htdocs/prestashop17/test/godzilla/modules/gdz_blog/install/install.php:114)"} []
[2020-06-09 13:50:52] security.DEBUG: Stored the security token in the session. {"key":"_security_main"} []
[2020-06-09 13:51:04] request.CRITICAL: Uncaught PHP Exception Symfony\Component\Debug\Exception\ClassNotFoundException: "Attempted to load class "gdz_blogHelper" from the global namespace. Did you forget a "use" statement?" at /Applications/MAMP/htdocs/prestashop17/test/godzilla/modules/gdz_blog/controllers/admin/AdminGdzblogPost.php line 25 {"exception":"[object] (Symfony\\Component\\Debug\\Exception\\ClassNotFoundException(code: 0): Attempted to load class \"gdz_blogHelper\" from the global namespace.\nDid you forget a \"use\" statement? at /Applications/MAMP/htdocs/prestashop17/test/godzilla/modules/gdz_blog/controllers/admin/AdminGdzblogPost.php:25)"} []
[2020-06-09 13:57:42] request.CRITICAL: Uncaught PHP Exception Symfony\Component\Debug\Exception\ClassNotFoundException: "Attempted to load class "gdz_blogHelper" from the global namespace. Did you forget a "use" statement?" at /Applications/MAMP/htdocs/prestashop17/test/godzilla/modules/gdz_blog/controllers/admin/AdminGdzblogCategories.php line 26 {"exception":"[object] (Symfony\\Component\\Debug\\Exception\\ClassNotFoundException(code: 0): Attempted to load class \"gdz_blogHelper\" from the global namespace.\nDid you forget a \"use\" statement? at /Applications/MAMP/htdocs/prestashop17/test/godzilla/modules/gdz_blog/controllers/admin/AdminGdzblogCategories.php:26)"} []
[2020-06-09 13:58:39] request.CRITICAL: Uncaught PHP Exception Symfony\Component\Debug\Exception\ClassNotFoundException: "Attempted to load class "gdz_blogHelper" from the global namespace. Did you forget a "use" statement?" at /Applications/MAMP/htdocs/prestashop17/test/godzilla/modules/gdz_blog/controllers/admin/AdminGdzblogCategories.php line 26 {"exception":"[object] (Symfony\\Component\\Debug\\Exception\\ClassNotFoundException(code: 0): Attempted to load class \"gdz_blogHelper\" from the global namespace.\nDid you forget a \"use\" statement? at /Applications/MAMP/htdocs/prestashop17/test/godzilla/modules/gdz_blog/controllers/admin/AdminGdzblogCategories.php:26)"} []
[2020-06-19 11:26:36] request.CRITICAL: Uncaught PHP Exception SmartyException: "Unable to load template 'file:/Applications/MAMP/htdocs/prestashop17/test/godzilla/admin141dyjvta/themes/default/template/explorerform.tpl'" at /Applications/MAMP/htdocs/prestashop17/test/godzilla/vendor/smarty/smarty/libs/sysplugins/smarty_internal_template.php line 195 {"exception":"[object] (SmartyException(code: 0): Unable to load template 'file:/Applications/MAMP/htdocs/prestashop17/test/godzilla/admin141dyjvta/themes/default/template/explorerform.tpl' at /Applications/MAMP/htdocs/prestashop17/test/godzilla/vendor/smarty/smarty/libs/sysplugins/smarty_internal_template.php:195)"} []
[2020-06-19 11:27:01] request.CRITICAL: Uncaught PHP Exception SmartyException: "Unable to load template 'file:/Applications/MAMP/htdocs/prestashop17/test/godzilla/admin141dyjvta/themes/default/template/explorerform.tpl'" at /Applications/MAMP/htdocs/prestashop17/test/godzilla/vendor/smarty/smarty/libs/sysplugins/smarty_internal_template.php line 195 {"exception":"[object] (SmartyException(code: 0): Unable to load template 'file:/Applications/MAMP/htdocs/prestashop17/test/godzilla/admin141dyjvta/themes/default/template/explorerform.tpl' at /Applications/MAMP/htdocs/prestashop17/test/godzilla/vendor/smarty/smarty/libs/sysplugins/smarty_internal_template.php:195)"} []
[2020-06-19 11:52:24] request.CRITICAL: Uncaught PHP Exception SmartyException: "Unable to load template 'file:/Applications/MAMP/htdocs/prestashop17/test/godzilla/admin141dyjvta/themes/default/template/explorerform.tpl'" at /Applications/MAMP/htdocs/prestashop17/test/godzilla/vendor/smarty/smarty/libs/sysplugins/smarty_internal_template.php line 195 {"exception":"[object] (SmartyException(code: 0): Unable to load template 'file:/Applications/MAMP/htdocs/prestashop17/test/godzilla/admin141dyjvta/themes/default/template/explorerform.tpl' at /Applications/MAMP/htdocs/prestashop17/test/godzilla/vendor/smarty/smarty/libs/sysplugins/smarty_internal_template.php:195)"} []
[2020-06-22 08:34:57] request.INFO: Matched route "admin_module_manage". {"route":"admin_module_manage","route_parameters":{"category":null,"keyword":null,"_controller":"PrestaShopBundle\\Controller\\Admin\\Improve\\ModuleController::manageAction","_legacy_controller":"AdminModulesManage","_legacy_link":["AdminModulesManage","AdminModulesSf"],"_route":"admin_module_manage"},"request_uri":"http://localhost/prestashop17/test/godzilla/admin141dyjvta/index.php/improve/modules/manage?_token=PKpBXnxemFdEYxyAip8ry0Yo7NHIQgk8lIxH1uRhxvc","method":"GET"} []
[2020-06-22 08:34:57] security.DEBUG: Read existing security token from the session. {"key":"_security_main","token_class":"Symfony\\Component\\Security\\Core\\Authentication\\Token\\UsernamePasswordToken"} []
[2020-06-22 08:34:57] security.DEBUG: User was reloaded from a user provider. {"provider":"PrestaShopBundle\\Security\\Admin\\EmployeeProvider","username":"admin@admin.com"} []
[2020-06-22 08:35:03] app.ERROR: Data from PrestaShop Addons is invalid, and cannot fallback on cache.  {"exception":"cURL error 28: Operation timed out after 5000 milliseconds with 30078 bytes received"} []
[2020-06-22 08:35:06] security.DEBUG: Stored the security token in the session. {"key":"_security_main"} []
